生成启动时间为 2019/8/7 17:30:23。
     1>项目“C:\自写程序\AllUsedSource\ExpAPDU\ExpAPDU.vcxproj”在节点 2 上(build 个目标)。
     1>InitializeBuildStatus:
         正在创建“Release\ExpAPDU.unsuccessfulbuild”，因为已指定“AlwaysCreate”。
       ClCompile:
         所有输出均为最新。
         c:\Program Files (x86)\Microsoft Visual Studio 10.0\VC\bin\CL.exe /c /Zi /nologo /W3 /WX- /O2 /Oi /Oy- /GL /D WIN32 /D _WINDOWS /D NDEBUG /D _USRDLL /D _WINDLL /D _MBCS /D _AFXDLL /Gm- /EHsc /MD /GS /Gy /fp:precise /Zc:wchar_t /Zc:forScope /Yu"StdAfx.h" /Fp"Release\ExpAPDU.pch" /Fo"Release\\" /Fd"Release\vc100.pdb" /Gd /TP /analyze- /errorReport:prompt ExpAPDU.cpp
         ExpAPDU.cpp
       ResourceCompile:
         所有输出均为最新。
       Link:
         c:\Program Files (x86)\Microsoft Visual Studio 10.0\VC\bin\link.exe /ERRORREPORT:PROMPT /OUT:"C:\自写程序\CardManage\Release\ExpAPDU.dll" /INCREMENTAL:NO /NOLOGO BasicConvert.lib ParameterConvert.lib /DEF:".\ExpAPDU.def" /MANIFEST /ManifestFile:"Release\ExpAPDU.dll.intermediate.manifest" /MANIFESTUAC:"level='asInvoker' uiAccess='false'" /DEBUG /PDB:"C:\自写程序\CardManage\Release\ExpAPDU.pdb" /SUBSYSTEM:WINDOWS /OPT:REF /OPT:ICF /LTCG /TLBID:1 /DYNAMICBASE /NXCOMPAT /IMPLIB:"C:\自写程序\CardManage\Release\ExpAPDU.lib" /MACHINE:X86 /DLL Release\ExpAPDU.res
         Release\ExpAPDU.obj
         Release\stdafx.obj
         Release\UNI_Aut_Algorithm.obj
         Release\UNI_Aut_Utilities.obj
            正在创建库 C:\自写程序\CardManage\Release\ExpAPDU.lib 和对象 C:\自写程序\CardManage\Release\ExpAPDU.exp
         正在生成代码
         已完成代码的生成
         ExpAPDU.vcxproj -> C:\自写程序\CardManage\Release\ExpAPDU.dll
       Manifest:
         C:\Program Files (x86)\Microsoft SDKs\Windows\v7.0A\bin\mt.exe /nologo /verbose /outputresource:"C:\自写程序\CardManage\Release\ExpAPDU.dll;#2" /manifest Release\ExpAPDU.dll.intermediate.manifest "c:\Program Files (x86)\Microsoft Visual Studio 10.0\VC\Include\Manifest\dpiaware.manifest"
       PostBuildEvent:
         copy C:\自写程序\CardManage\Release\ExpAPDU.dll C:\自写程序\AllUsedSource\Release\ExpAPDU.dll/y
         copy C:\自写程序\CardManage\Release\ExpAPDU.lib C:\自写程序\AllUsedSource\Release\ExpAPDU.lib/y
         :VCEnd
         已复制         1 个文件。
         已复制         1 个文件。
       FinalizeBuildStatus:
         正在删除文件“Release\ExpAPDU.unsuccessfulbuild”。
         正在对“Release\ExpAPDU.lastbuildstate”执行 Touch 任务。
     1>已完成生成项目“C:\自写程序\AllUsedSource\ExpAPDU\ExpAPDU.vcxproj”(build 个目标)的操作。

生成成功。

已用时间 00:00:04.71
