C:\自写程序\AllUsedSource\ExpAPDU\Release\cl.command.1.tlog
C:\自写程序\AllUsedSource\ExpAPDU\Release\CL.read.1.tlog
C:\自写程序\AllUsedSource\ExpAPDU\Release\CL.write.1.tlog
C:\自写程序\ALLUSEDSOURCE\EXPAPDU\RELEASE\EXPAPDU.DLL.INTERMEDIATE.MANIFEST
C:\自写程序\ALLUSEDSOURCE\EXPAPDU\RELEASE\EXPAPDU.OBJ
C:\自写程序\ALLUSEDSOURCE\EXPAPDU\RELEASE\EXPAPDU.PCH
C:\自写程序\ALLUSEDSOURCE\EXPAPDU\RELEASE\EXPAPDU.RES
C:\自写程序\AllUsedSource\ExpAPDU\Release\ExpAPDU.write.1.tlog
C:\自写程序\AllUsedSource\ExpAPDU\Release\link.command.1.tlog
C:\自写程序\AllUsedSource\ExpAPDU\Release\link.read.1.tlog
C:\自写程序\AllUsedSource\ExpAPDU\Release\link.write.1.tlog
C:\自写程序\AllUsedSource\ExpAPDU\Release\link-cvtres.read.1.tlog
C:\自写程序\AllUsedSource\ExpAPDU\Release\link-cvtres.write.1.tlog
C:\自写程序\AllUsedSource\ExpAPDU\Release\mt.command.1.tlog
C:\自写程序\AllUsedSource\ExpAPDU\Release\mt.read.1.tlog
C:\自写程序\AllUsedSource\ExpAPDU\Release\mt.write.1.tlog
C:\自写程序\AllUsedSource\ExpAPDU\Release\rc.command.1.tlog
C:\自写程序\AllUsedSource\ExpAPDU\Release\rc.read.1.tlog
C:\自写程序\AllUsedSource\ExpAPDU\Release\rc.write.1.tlog
C:\自写程序\ALLUSEDSOURCE\EXPAPDU\RELEASE\STDAFX.OBJ
C:\自写程序\ALLUSEDSOURCE\EXPAPDU\RELEASE\UNI_AUT_ALGORITHM.OBJ
C:\自写程序\ALLUSEDSOURCE\EXPAPDU\RELEASE\UNI_AUT_UTILITIES.OBJ
C:\自写程序\ALLUSEDSOURCE\EXPAPDU\RELEASE\VC100.PDB
C:\自写程序\CARDMANAGE\RELEASE\EXPAPDU.DLL
C:\自写程序\CardManage\Release\ExpAPDU.exp
C:\自写程序\CardManage\Release\ExpAPDU.lib
C:\自写程序\CARDMANAGE\RELEASE\EXPAPDU.PDB
