C:\自写程序\AllUsedSource\ParameterConvert\ParameterConvert\Debug\cl.command.1.tlog
C:\自写程序\AllUsedSource\ParameterConvert\ParameterConvert\Debug\CL.read.1.tlog
C:\自写程序\AllUsedSource\ParameterConvert\ParameterConvert\Debug\CL.write.1.tlog
C:\自写程序\ALLUSEDSOURCE\PARAMETERCONVERT\PARAMETERCONVERT\DEBUG\DES.OBJ
C:\自写程序\AllUsedSource\ParameterConvert\ParameterConvert\Debug\link.4388.read.1.tlog
C:\自写程序\AllUsedSource\ParameterConvert\ParameterConvert\Debug\link.4388.write.1.tlog
C:\自写程序\AllUsedSource\ParameterConvert\ParameterConvert\Debug\link.4388-cvtres.read.1.tlog
C:\自写程序\AllUsedSource\ParameterConvert\ParameterConvert\Debug\link.4388-cvtres.write.1.tlog
C:\自写程序\AllUsedSource\ParameterConvert\ParameterConvert\Debug\link.command.1.tlog
C:\自写程序\AllUsedSource\ParameterConvert\ParameterConvert\Debug\link.read.1.tlog
C:\自写程序\AllUsedSource\ParameterConvert\ParameterConvert\Debug\link.write.1.tlog
C:\自写程序\AllUsedSource\ParameterConvert\ParameterConvert\Debug\link-cvtres.read.1.tlog
C:\自写程序\AllUsedSource\ParameterConvert\ParameterConvert\Debug\link-cvtres.write.1.tlog
C:\自写程序\AllUsedSource\ParameterConvert\ParameterConvert\Debug\mt.command.1.tlog
C:\自写程序\AllUsedSource\ParameterConvert\ParameterConvert\Debug\mt.read.1.tlog
C:\自写程序\AllUsedSource\ParameterConvert\ParameterConvert\Debug\mt.write.1.tlog
C:\自写程序\ALLUSEDSOURCE\PARAMETERCONVERT\PARAMETERCONVERT\DEBUG\PARAMETERCONVERT.DLL.EMBED.MANIFEST
C:\自写程序\ALLUSEDSOURCE\PARAMETERCONVERT\PARAMETERCONVERT\DEBUG\PARAMETERCONVERT.DLL.EMBED.MANIFEST.RES
C:\自写程序\ALLUSEDSOURCE\PARAMETERCONVERT\PARAMETERCONVERT\DEBUG\PARAMETERCONVERT.DLL.INTERMEDIATE.MANIFEST
C:\自写程序\ALLUSEDSOURCE\PARAMETERCONVERT\PARAMETERCONVERT\DEBUG\PARAMETERCONVERT.OBJ
C:\自写程序\ALLUSEDSOURCE\PARAMETERCONVERT\PARAMETERCONVERT\DEBUG\PARAMETERCONVERT.PCH
C:\自写程序\ALLUSEDSOURCE\PARAMETERCONVERT\PARAMETERCONVERT\DEBUG\PARAMETERCONVERT.RES
C:\自写程序\AllUsedSource\ParameterConvert\ParameterConvert\Debug\ParameterConvert.write.1.tlog
C:\自写程序\AllUsedSource\ParameterConvert\ParameterConvert\Debug\ParameterConvert_manifest.rc
C:\自写程序\AllUsedSource\ParameterConvert\ParameterConvert\Debug\rc.command.1.tlog
C:\自写程序\AllUsedSource\ParameterConvert\ParameterConvert\Debug\rc.read.1.tlog
C:\自写程序\AllUsedSource\ParameterConvert\ParameterConvert\Debug\rc.write.1.tlog
C:\自写程序\ALLUSEDSOURCE\PARAMETERCONVERT\PARAMETERCONVERT\DEBUG\STDAFX.OBJ
C:\自写程序\AllUsedSource\ParameterConvert\ParameterConvert\Debug\vc100.idb
C:\自写程序\ALLUSEDSOURCE\PARAMETERCONVERT\PARAMETERCONVERT\DEBUG\VC100.PDB
C:\自写程序\CARDMANAGE\DEBUG\PARAMETERCONVERT.DLL
C:\自写程序\CardManage\Debug\ParameterConvert.exp
C:\自写程序\CARDMANAGE\DEBUG\PARAMETERCONVERT.ILK
C:\自写程序\CardManage\Debug\ParameterConvert.lib
C:\自写程序\CARDMANAGE\DEBUG\PARAMETERCONVERT.PDB
