生成启动时间为 2019/7/31 12:53:14。
     1>项目“C:\自写程序\AllUsedSource\ParameterConvert\ParameterConvert\ParameterConvert.vcxproj”在节点 2 上(build 个目标)。
     1>InitializeBuildStatus:
         正在对“Debug\ParameterConvert.unsuccessfulbuild”执行 Touch 任务。
       ClCompile:
         所有输出均为最新。
         所有输出均为最新。
       ResourceCompile:
         所有输出均为最新。
       ManifestResourceCompile:
         所有输出均为最新。
       Link:
         c:\Program Files (x86)\Microsoft Visual Studio 10.0\VC\bin\link.exe /ERRORREPORT:PROMPT /OUT:"C:\自写程序\CardManage\Debug\ParameterConvert.dll" /INCREMENTAL /NOLOGO BasicConvert.lib /DEF:".\ParameterConvert.def" /MANIFEST /ManifestFile:"Debug\ParameterConvert.dll.intermediate.manifest" /MANIFESTUAC:"level='asInvoker' uiAccess='false'" /DEBUG /PDB:"C:\自写程序\CardManage\Debug\ParameterConvert.pdb" /SUBSYSTEM:WINDOWS /TLBID:1 /DYNAMICBASE /NXCOMPAT /IMPLIB:"C:\自写程序\CardManage\Debug\ParameterConvert.lib" /MACHINE:X86 /DLL Debug\ParameterConvert.res
         Debug\ParameterConvert.dll.embed.manifest.res
         Debug\Des.obj
         Debug\ParameterConvert.obj
         Debug\stdafx.obj
       Manifest:
         C:\Program Files (x86)\Microsoft SDKs\Windows\v7.0A\bin\mt.exe /nologo /verbose /out:"Debug\ParameterConvert.dll.embed.manifest" /manifest Debug\ParameterConvert.dll.intermediate.manifest "c:\Program Files (x86)\Microsoft Visual Studio 10.0\VC\Include\Manifest\dpiaware.manifest"
         所有输出均为最新。
       LinkEmbedManifest:
         所有输出均为最新。
         ParameterConvert.vcxproj -> C:\自写程序\CardManage\Debug\ParameterConvert.dll
       PostBuildEvent:
         copy C:\自写程序\CardManage\Debug\ParameterConvert.dll C:\自写程序\AllUsedSource\Debug\ParameterConvert.dll/y
         copy C:\自写程序\CardManage\Debug\ParameterConvert.lib C:\自写程序\AllUsedSource\Debug\ParameterConvert.lib/y
         :VCEnd
         已复制         1 个文件。
         已复制         1 个文件。
       FinalizeBuildStatus:
         正在删除文件“Debug\ParameterConvert.unsuccessfulbuild”。
         正在对“Debug\ParameterConvert.lastbuildstate”执行 Touch 任务。
     1>已完成生成项目“C:\自写程序\AllUsedSource\ParameterConvert\ParameterConvert\ParameterConvert.vcxproj”(build 个目标)的操作。

生成成功。

已用时间 00:00:05.48
