C:\自写程序\ALLUSEDSOURCE\EXPFILE\EXPFILE\RELEASE\BASCONV.OBJ
C:\自写程序\AllUsedSource\ExpFile\ExpFile\Release\cl.command.1.tlog
C:\自写程序\AllUsedSource\ExpFile\ExpFile\Release\CL.read.1.tlog
C:\自写程序\AllUsedSource\ExpFile\ExpFile\Release\CL.write.1.tlog
C:\自写程序\ALLUSEDSOURCE\EXPFILE\EXPFILE\RELEASE\EXPFILE.DLL.INTERMEDIATE.MANIFEST
C:\自写程序\ALLUSEDSOURCE\EXPFILE\EXPFILE\RELEASE\EXPFILE.OBJ
C:\自写程序\ALLUSEDSOURCE\EXPFILE\EXPFILE\RELEASE\EXPFILE.PCH
C:\自写程序\ALLUSEDSOURCE\EXPFILE\EXPFILE\RELEASE\EXPFILE.RES
C:\自写程序\AllUsedSource\ExpFile\ExpFile\Release\ExpFile.write.1.tlog
C:\自写程序\AllUsedSource\ExpFile\ExpFile\Release\link.command.1.tlog
C:\自写程序\AllUsedSource\ExpFile\ExpFile\Release\link.read.1.tlog
C:\自写程序\AllUsedSource\ExpFile\ExpFile\Release\link.write.1.tlog
C:\自写程序\AllUsedSource\ExpFile\ExpFile\Release\link-cvtres.read.1.tlog
C:\自写程序\AllUsedSource\ExpFile\ExpFile\Release\link-cvtres.write.1.tlog
C:\自写程序\AllUsedSource\ExpFile\ExpFile\Release\mt.command.1.tlog
C:\自写程序\AllUsedSource\ExpFile\ExpFile\Release\mt.read.1.tlog
C:\自写程序\AllUsedSource\ExpFile\ExpFile\Release\mt.write.1.tlog
C:\自写程序\AllUsedSource\ExpFile\ExpFile\Release\rc.command.1.tlog
C:\自写程序\AllUsedSource\ExpFile\ExpFile\Release\rc.read.1.tlog
C:\自写程序\AllUsedSource\ExpFile\ExpFile\Release\rc.write.1.tlog
C:\自写程序\ALLUSEDSOURCE\EXPFILE\EXPFILE\RELEASE\STDAFX.OBJ
C:\自写程序\ALLUSEDSOURCE\EXPFILE\EXPFILE\RELEASE\VC100.PDB
C:\自写程序\CARDMANAGE\RELEASE\EXPFILE.DLL
C:\自写程序\CardManage\Release\ExpFile.exp
C:\自写程序\CardManage\Release\ExpFile.lib
C:\自写程序\CARDMANAGE\RELEASE\EXPFILE.PDB
