C:\自写程序\ALLUSEDSOURCE\EXPFILE\EXPFILE\DEBUG\BASCONV.OBJ
C:\自写程序\AllUsedSource\ExpFile\ExpFile\Debug\cl.command.1.tlog
C:\自写程序\AllUsedSource\ExpFile\ExpFile\Debug\CL.read.1.tlog
C:\自写程序\AllUsedSource\ExpFile\ExpFile\Debug\CL.write.1.tlog
C:\自写程序\ALLUSEDSOURCE\EXPFILE\EXPFILE\DEBUG\EXPFILE.DLL.EMBED.MANIFEST
C:\自写程序\ALLUSEDSOURCE\EXPFILE\EXPFILE\DEBUG\EXPFILE.DLL.EMBED.MANIFEST.RES
C:\自写程序\ALLUSEDSOURCE\EXPFILE\EXPFILE\DEBUG\EXPFILE.DLL.INTERMEDIATE.MANIFEST
C:\自写程序\ALLUSEDSOURCE\EXPFILE\EXPFILE\DEBUG\EXPFILE.OBJ
C:\自写程序\ALLUSEDSOURCE\EXPFILE\EXPFILE\DEBUG\EXPFILE.PCH
C:\自写程序\ALLUSEDSOURCE\EXPFILE\EXPFILE\DEBUG\EXPFILE.RES
C:\自写程序\AllUsedSource\ExpFile\ExpFile\Debug\ExpFile.vcxprojResolveAssemblyReference.cache
C:\自写程序\AllUsedSource\ExpFile\ExpFile\Debug\ExpFile.write.1.tlog
C:\自写程序\AllUsedSource\ExpFile\ExpFile\Debug\ExpFile_manifest.rc
C:\自写程序\AllUsedSource\ExpFile\ExpFile\Debug\link.8056.read.1.tlog
C:\自写程序\AllUsedSource\ExpFile\ExpFile\Debug\link.8056.write.1.tlog
C:\自写程序\AllUsedSource\ExpFile\ExpFile\Debug\link.8056-cvtres.read.1.tlog
C:\自写程序\AllUsedSource\ExpFile\ExpFile\Debug\link.8056-cvtres.write.1.tlog
C:\自写程序\AllUsedSource\ExpFile\ExpFile\Debug\link.command.1.tlog
C:\自写程序\AllUsedSource\ExpFile\ExpFile\Debug\link.read.1.tlog
C:\自写程序\AllUsedSource\ExpFile\ExpFile\Debug\link.write.1.tlog
C:\自写程序\AllUsedSource\ExpFile\ExpFile\Debug\link-cvtres.read.1.tlog
C:\自写程序\AllUsedSource\ExpFile\ExpFile\Debug\link-cvtres.write.1.tlog
C:\自写程序\AllUsedSource\ExpFile\ExpFile\Debug\mt.command.1.tlog
C:\自写程序\AllUsedSource\ExpFile\ExpFile\Debug\mt.read.1.tlog
C:\自写程序\AllUsedSource\ExpFile\ExpFile\Debug\mt.write.1.tlog
C:\自写程序\AllUsedSource\ExpFile\ExpFile\Debug\rc.command.1.tlog
C:\自写程序\AllUsedSource\ExpFile\ExpFile\Debug\rc.read.1.tlog
C:\自写程序\AllUsedSource\ExpFile\ExpFile\Debug\rc.write.1.tlog
C:\自写程序\ALLUSEDSOURCE\EXPFILE\EXPFILE\DEBUG\STDAFX.OBJ
C:\自写程序\AllUsedSource\ExpFile\ExpFile\Debug\vc100.idb
C:\自写程序\ALLUSEDSOURCE\EXPFILE\EXPFILE\DEBUG\VC100.PDB
C:\自写程序\CARDMANAGE\DEBUG\EXPFILE.DLL
C:\自写程序\CardManage\Debug\ExpFile.exp
C:\自写程序\CARDMANAGE\DEBUG\EXPFILE.ILK
C:\自写程序\CardManage\Debug\ExpFile.lib
C:\自写程序\CARDMANAGE\DEBUG\EXPFILE.PDB
