生成启动时间为 2019/7/31 12:53:14。
     1>项目“C:\自写程序\AllUsedSource\ExpFile\ExpFile\ExpFile.vcxproj”在节点 3 上(build 个目标)。
     1>InitializeBuildStatus:
         正在对“Debug\ExpFile.unsuccessfulbuild”执行 Touch 任务。
       ClCompile:
         所有输出均为最新。
         所有输出均为最新。
       ResourceCompile:
         所有输出均为最新。
       ManifestResourceCompile:
         所有输出均为最新。
       Link:
         c:\Program Files (x86)\Microsoft Visual Studio 10.0\VC\bin\link.exe /ERRORREPORT:PROMPT /OUT:"C:\自写程序\CardManage\Debug\ExpFile.dll" /INCREMENTAL /NOLOGO BasicConvert.lib ParameterConvert.lib /DEF:".\ExpFile.def" /MANIFEST /ManifestFile:"Debug\ExpFile.dll.intermediate.manifest" /MANIFESTUAC:"level='asInvoker' uiAccess='false'" /DEBUG /PDB:"C:\自写程序\CardManage\Debug\ExpFile.pdb" /SUBSYSTEM:WINDOWS /TLBID:1 /DYNAMICBASE /NXCOMPAT /IMPLIB:"C:\自写程序\CardManage\Debug\ExpFile.lib" /MACHINE:X86 /DLL Debug\ExpFile.res
         Debug\ExpFile.dll.embed.manifest.res
         Debug\Basconv.obj
         Debug\ExpFile.obj
         Debug\stdafx.obj
            正在创建库 C:\自写程序\CardManage\Debug\ExpFile.lib 和对象 C:\自写程序\CardManage\Debug\ExpFile.exp
       Manifest:
         C:\Program Files (x86)\Microsoft SDKs\Windows\v7.0A\bin\mt.exe /nologo /verbose /out:"Debug\ExpFile.dll.embed.manifest" /manifest Debug\ExpFile.dll.intermediate.manifest "c:\Program Files (x86)\Microsoft Visual Studio 10.0\VC\Include\Manifest\dpiaware.manifest"
         所有输出均为最新。
       LinkEmbedManifest:
         所有输出均为最新。
         ExpFile.vcxproj -> C:\自写程序\CardManage\Debug\ExpFile.dll
       PostBuildEvent:
         copy C:\自写程序\CardManage\Debug\ExpFile.dll C:\自写程序\AllUsedSource\Debug\ExpFile.dll/y
         copy C:\自写程序\CardManage\Debug\ExpFile.lib C:\自写程序\AllUsedSource\Debug\ExpFile.lib/y
         :VCEnd
         已复制         1 个文件。
         已复制         1 个文件。
       FinalizeBuildStatus:
         正在删除文件“Debug\ExpFile.unsuccessfulbuild”。
         正在对“Debug\ExpFile.lastbuildstate”执行 Touch 任务。
     1>已完成生成项目“C:\自写程序\AllUsedSource\ExpFile\ExpFile\ExpFile.vcxproj”(build 个目标)的操作。

生成成功。

已用时间 00:00:04.72
