C:\自写程序\AllUsedSource\ParameterConvert\ParameterConvert\Release\cl.command.1.tlog
C:\自写程序\AllUsedSource\ParameterConvert\ParameterConvert\Release\CL.read.1.tlog
C:\自写程序\AllUsedSource\ParameterConvert\ParameterConvert\Release\CL.write.1.tlog
C:\自写程序\ALLUSEDSOURCE\PARAMETERCONVERT\PARAMETERCONVERT\RELEASE\DES.OBJ
C:\自写程序\AllUsedSource\ParameterConvert\ParameterConvert\Release\link.command.1.tlog
C:\自写程序\AllUsedSource\ParameterConvert\ParameterConvert\Release\link.read.1.tlog
C:\自写程序\AllUsedSource\ParameterConvert\ParameterConvert\Release\link.write.1.tlog
C:\自写程序\AllUsedSource\ParameterConvert\ParameterConvert\Release\link-cvtres.read.1.tlog
C:\自写程序\AllUsedSource\ParameterConvert\ParameterConvert\Release\link-cvtres.write.1.tlog
C:\自写程序\AllUsedSource\ParameterConvert\ParameterConvert\Release\mt.command.1.tlog
C:\自写程序\AllUsedSource\ParameterConvert\ParameterConvert\Release\mt.read.1.tlog
C:\自写程序\AllUsedSource\ParameterConvert\ParameterConvert\Release\mt.write.1.tlog
C:\自写程序\ALLUSEDSOURCE\PARAMETERCONVERT\PARAMETERCONVERT\RELEASE\PARAMETERCONVERT.DLL.INTERMEDIATE.MANIFEST
C:\自写程序\ALLUSEDSOURCE\PARAMETERCONVERT\PARAMETERCONVERT\RELEASE\PARAMETERCONVERT.OBJ
C:\自写程序\ALLUSEDSOURCE\PARAMETERCONVERT\PARAMETERCONVERT\RELEASE\PARAMETERCONVERT.PCH
C:\自写程序\ALLUSEDSOURCE\PARAMETERCONVERT\PARAMETERCONVERT\RELEASE\PARAMETERCONVERT.RES
C:\自写程序\AllUsedSource\ParameterConvert\ParameterConvert\Release\ParameterConvert.vcxprojResolveAssemblyReference.cache
C:\自写程序\AllUsedSource\ParameterConvert\ParameterConvert\Release\ParameterConvert.write.1.tlog
C:\自写程序\AllUsedSource\ParameterConvert\ParameterConvert\Release\rc.command.1.tlog
C:\自写程序\AllUsedSource\ParameterConvert\ParameterConvert\Release\rc.read.1.tlog
C:\自写程序\AllUsedSource\ParameterConvert\ParameterConvert\Release\rc.write.1.tlog
C:\自写程序\ALLUSEDSOURCE\PARAMETERCONVERT\PARAMETERCONVERT\RELEASE\STDAFX.OBJ
C:\自写程序\ALLUSEDSOURCE\PARAMETERCONVERT\PARAMETERCONVERT\RELEASE\VC100.PDB
C:\自写程序\CARDMANAGE\RELEASE\PARAMETERCONVERT.DLL
C:\自写程序\CardManage\Release\ParameterConvert.exp
C:\自写程序\CardManage\Release\ParameterConvert.lib
C:\自写程序\CARDMANAGE\RELEASE\PARAMETERCONVERT.PDB
