生成启动时间为 2019/7/31 13:40:59。
     1>项目“C:\自写程序\AllUsedSource\ParameterConvert\ParameterConvert\ParameterConvert.vcxproj”在节点 2 上(rebuild 个目标)。
     1>_PrepareForClean:
         正在删除文件“Release\ParameterConvert.lastbuildstate”。
       InitializeBuildStatus:
         正在创建“Release\ParameterConvert.unsuccessfulbuild”，因为已指定“AlwaysCreate”。
       ClCompile:
         c:\Program Files (x86)\Microsoft Visual Studio 10.0\VC\bin\CL.exe /c /Zi /nologo /W3 /WX- /O2 /Oi /Oy- /GL /D WIN32 /D _WINDOWS /D NDEBUG /D _USRDLL /D _WINDLL /D _MBCS /D _AFXDLL /Gm- /EHsc /MD /GS /Gy /fp:precise /Zc:wchar_t /Zc:forScope /Yc"StdAfx.h" /Fp"Release\ParameterConvert.pch" /Fo"Release\\" /Fd"Release\vc100.pdb" /Gd /TP /analyze- /errorReport:prompt stdafx.cpp
         stdafx.cpp
         c:\Program Files (x86)\Microsoft Visual Studio 10.0\VC\bin\CL.exe /c /Zi /nologo /W3 /WX- /O2 /Oi /Oy- /GL /D WIN32 /D _WINDOWS /D NDEBUG /D _USRDLL /D _WINDLL /D _MBCS /D _AFXDLL /Gm- /EHsc /MD /GS /Gy /fp:precise /Zc:wchar_t /Zc:forScope /Yu"StdAfx.h" /Fp"Release\ParameterConvert.pch" /Fo"Release\\" /Fd"Release\vc100.pdb" /Gd /TP /analyze- /errorReport:prompt Des.cpp ParameterConvert.cpp
         Des.cpp
         ParameterConvert.cpp
       ResourceCompile:
         C:\Program Files (x86)\Microsoft SDKs\Windows\v7.0A\bin\rc.exe /D NDEBUG /D _AFXDLL /l"0x0804" /IRelease\ /nologo /fo"Release\ParameterConvert.res" ParameterConvert.rc 
       Link:
         c:\Program Files (x86)\Microsoft Visual Studio 10.0\VC\bin\link.exe /ERRORREPORT:PROMPT /OUT:"C:\自写程序\CardManage\Release\ParameterConvert.dll" /INCREMENTAL:NO /NOLOGO BasicConvert.lib /DEF:".\ParameterConvert.def" /MANIFEST /ManifestFile:"Release\ParameterConvert.dll.intermediate.manifest" /MANIFESTUAC:"level='asInvoker' uiAccess='false'" /DEBUG /PDB:"C:\自写程序\CardManage\Release\ParameterConvert.pdb" /SUBSYSTEM:WINDOWS /OPT:REF /OPT:ICF /LTCG /TLBID:1 /DYNAMICBASE /NXCOMPAT /IMPLIB:"C:\自写程序\CardManage\Release\ParameterConvert.lib" /MACHINE:X86 /DLL Release\ParameterConvert.res
         Release\Des.obj
         Release\ParameterConvert.obj
         Release\stdafx.obj
            正在创建库 C:\自写程序\CardManage\Release\ParameterConvert.lib 和对象 C:\自写程序\CardManage\Release\ParameterConvert.exp
         正在生成代码
         已完成代码的生成
         ParameterConvert.vcxproj -> C:\自写程序\CardManage\Release\ParameterConvert.dll
       Manifest:
         C:\Program Files (x86)\Microsoft SDKs\Windows\v7.0A\bin\mt.exe /nologo /verbose /outputresource:"C:\自写程序\CardManage\Release\ParameterConvert.dll;#2" /manifest Release\ParameterConvert.dll.intermediate.manifest "c:\Program Files (x86)\Microsoft Visual Studio 10.0\VC\Include\Manifest\dpiaware.manifest"
       PostBuildEvent:
         copy C:\自写程序\CardManage\Release\ParameterConvert.dll C:\自写程序\AllUsedSource\Release\ParameterConvert.dll/y
         copy C:\自写程序\CardManage\Release\ParameterConvert.lib C:\自写程序\AllUsedSource\Release\ParameterConvert.lib/y
         :VCEnd
         已复制         1 个文件。
         已复制         1 个文件。
       FinalizeBuildStatus:
         正在删除文件“Release\ParameterConvert.unsuccessfulbuild”。
         正在对“Release\ParameterConvert.lastbuildstate”执行 Touch 任务。
     1>已完成生成项目“C:\自写程序\AllUsedSource\ParameterConvert\ParameterConvert\ParameterConvert.vcxproj”(rebuild 个目标)的操作。

生成成功。

已用时间 00:00:08.73
