生成启动时间为 2019/8/16 9:39:45。
     1>项目“C:\自写程序\AllUsedSource\ExpAPDU\ExpAPDU.vcxproj”在节点 2 上(build 个目标)。
     1>InitializeBuildStatus:
         正在对“Debug\ExpAPDU.unsuccessfulbuild”执行 Touch 任务。
       ClCompile:
         所有输出均为最新。
         所有输出均为最新。
       ResourceCompile:
         所有输出均为最新。
       ManifestResourceCompile:
         所有输出均为最新。
       Link:
         c:\Program Files (x86)\Microsoft Visual Studio 10.0\VC\bin\link.exe /ERRORREPORT:PROMPT /OUT:"C:\自写程序\CardManage\Debug\ExpAPDU.dll" /INCREMENTAL /NOLOGO BasicConvert.lib ParameterConvert.lib /DEF:".\ExpAPDU.def" /MANIFEST /ManifestFile:"Debug\ExpAPDU.dll.intermediate.manifest" /MANIFESTUAC:"level='asInvoker' uiAccess='false'" /DEBUG /PDB:"C:\自写程序\CardManage\Debug\ExpAPDU.pdb" /SUBSYSTEM:WINDOWS /TLBID:1 /DYNAMICBASE /NXCOMPAT /IMPLIB:"C:\自写程序\CardManage\Debug\ExpAPDU.lib" /MACHINE:X86 /DLL Debug\ExpAPDU.res
         Debug\ExpAPDU.dll.embed.manifest.res
         Debug\ExpAPDU.obj
         Debug\stdafx.obj
         Debug\UNI_Aut_Algorithm.obj
         Debug\UNI_Aut_Utilities.obj
       Manifest:
         C:\Program Files (x86)\Microsoft SDKs\Windows\v7.0A\bin\mt.exe /nologo /verbose /out:"Debug\ExpAPDU.dll.embed.manifest" /manifest Debug\ExpAPDU.dll.intermediate.manifest "c:\Program Files (x86)\Microsoft Visual Studio 10.0\VC\Include\Manifest\dpiaware.manifest"
         所有输出均为最新。
       LinkEmbedManifest:
         所有输出均为最新。
         ExpAPDU.vcxproj -> C:\自写程序\CardManage\Debug\ExpAPDU.dll
       PostBuildEvent:
         copy C:\自写程序\CardManage\Debug\ExpAPDU.dll C:\自写程序\AllUsedSource\Debug\ExpAPDU.dll/y
         copy C:\自写程序\CardManage\Debug\ExpAPDU.lib C:\自写程序\AllUsedSource\Debug\ExpAPDU.lib/y
         :VCEnd
         已复制         1 个文件。
         已复制         1 个文件。
       FinalizeBuildStatus:
         正在删除文件“Debug\ExpAPDU.unsuccessfulbuild”。
         正在对“Debug\ExpAPDU.lastbuildstate”执行 Touch 任务。
     1>已完成生成项目“C:\自写程序\AllUsedSource\ExpAPDU\ExpAPDU.vcxproj”(build 个目标)的操作。

生成成功。

已用时间 00:00:01.77
