C:\自写程序\AllUsedSource\ExpAPDU\Debug\cl.command.1.tlog
C:\自写程序\AllUsedSource\ExpAPDU\Debug\CL.read.1.tlog
C:\自写程序\AllUsedSource\ExpAPDU\Debug\CL.write.1.tlog
C:\自写程序\ALLUSEDSOURCE\EXPAPDU\DEBUG\EXPAPDU.DLL.EMBED.MANIFEST
C:\自写程序\ALLUSEDSOURCE\EXPAPDU\DEBUG\EXPAPDU.DLL.EMBED.MANIFEST.RES
C:\自写程序\ALLUSEDSOURCE\EXPAPDU\DEBUG\EXPAPDU.DLL.INTERMEDIATE.MANIFEST
C:\自写程序\ALLUSEDSOURCE\EXPAPDU\DEBUG\EXPAPDU.OBJ
C:\自写程序\ALLUSEDSOURCE\EXPAPDU\DEBUG\EXPAPDU.PCH
C:\自写程序\ALLUSEDSOURCE\EXPAPDU\DEBUG\EXPAPDU.RES
C:\自写程序\AllUsedSource\ExpAPDU\Debug\ExpAPDU.write.1.tlog
C:\自写程序\AllUsedSource\ExpAPDU\Debug\ExpAPDU_manifest.rc
C:\自写程序\AllUsedSource\ExpAPDU\Debug\link.8868.read.1.tlog
C:\自写程序\AllUsedSource\ExpAPDU\Debug\link.8868.write.1.tlog
C:\自写程序\AllUsedSource\ExpAPDU\Debug\link.8868-cvtres.read.1.tlog
C:\自写程序\AllUsedSource\ExpAPDU\Debug\link.8868-cvtres.write.1.tlog
C:\自写程序\AllUsedSource\ExpAPDU\Debug\link.command.1.tlog
C:\自写程序\AllUsedSource\ExpAPDU\Debug\link.read.1.tlog
C:\自写程序\AllUsedSource\ExpAPDU\Debug\link.write.1.tlog
C:\自写程序\AllUsedSource\ExpAPDU\Debug\link-cvtres.read.1.tlog
C:\自写程序\AllUsedSource\ExpAPDU\Debug\link-cvtres.write.1.tlog
C:\自写程序\AllUsedSource\ExpAPDU\Debug\mt.command.1.tlog
C:\自写程序\AllUsedSource\ExpAPDU\Debug\mt.read.1.tlog
C:\自写程序\AllUsedSource\ExpAPDU\Debug\mt.write.1.tlog
C:\自写程序\AllUsedSource\ExpAPDU\Debug\rc.command.1.tlog
C:\自写程序\AllUsedSource\ExpAPDU\Debug\rc.read.1.tlog
C:\自写程序\AllUsedSource\ExpAPDU\Debug\rc.write.1.tlog
C:\自写程序\ALLUSEDSOURCE\EXPAPDU\DEBUG\STDAFX.OBJ
C:\自写程序\ALLUSEDSOURCE\EXPAPDU\DEBUG\UNI_AUT_ALGORITHM.OBJ
C:\自写程序\ALLUSEDSOURCE\EXPAPDU\DEBUG\UNI_AUT_UTILITIES.OBJ
C:\自写程序\AllUsedSource\ExpAPDU\Debug\vc100.idb
C:\自写程序\ALLUSEDSOURCE\EXPAPDU\DEBUG\VC100.PDB
C:\自写程序\CARDMANAGE\DEBUG\EXPAPDU.DLL
C:\自写程序\CardManage\Debug\ExpAPDU.exp
C:\自写程序\CARDMANAGE\DEBUG\EXPAPDU.ILK
C:\自写程序\CardManage\Debug\ExpAPDU.lib
C:\自写程序\CARDMANAGE\DEBUG\EXPAPDU.PDB
