C:\自写程序\CARDMANAGE\CARDMANAGE\RELEASE\BASCONV.OBJ
C:\自写程序\CARDMANAGE\CARDMANAGE\RELEASE\BASUSC2.OBJ
C:\自写程序\CARDMANAGE\CARDMANAGE\RELEASE\C_SMS_ADN.OBJ
C:\自写程序\CARDMANAGE\CARDMANAGE\RELEASE\CACROAXDOCSHIM.OBJ
C:\自写程序\CARDMANAGE\CARDMANAGE\RELEASE\CARDINFOMATION.OBJ
C:\自写程序\CARDMANAGE\CARDMANAGE\RELEASE\CARDMANAGE.EXE.INTERMEDIATE.MANIFEST
C:\自写程序\CARDMANAGE\CARDMANAGE\RELEASE\CARDMANAGE.OBJ
C:\自写程序\CARDMANAGE\CARDMANAGE\RELEASE\CARDMANAGE.PCH
C:\自写程序\CARDMANAGE\CARDMANAGE\RELEASE\CARDMANAGE.RES
C:\自写程序\CardManage\CardManage\Release\CardManage.write.1.tlog
C:\自写程序\CARDMANAGE\CARDMANAGE\RELEASE\CARDMANAGEDOC.OBJ
C:\自写程序\CARDMANAGE\CARDMANAGE\RELEASE\CARDMANAGEVIEW.OBJ
C:\自写程序\CARDMANAGE\CARDMANAGE\RELEASE\CEXCTRL.OBJ
C:\自写程序\CardManage\CardManage\Release\cl.command.1.tlog
C:\自写程序\CardManage\CardManage\Release\CL.read.1.tlog
C:\自写程序\CardManage\CardManage\Release\CL.write.1.tlog
C:\自写程序\CARDMANAGE\CARDMANAGE\RELEASE\LEFTPANE.OBJ
C:\自写程序\CARDMANAGE\CARDMANAGE\RELEASE\LEFTVIEW.OBJ
C:\自写程序\CardManage\CardManage\Release\link.command.1.tlog
C:\自写程序\CardManage\CardManage\Release\link.read.1.tlog
C:\自写程序\CardManage\CardManage\Release\link.write.1.tlog
C:\自写程序\CardManage\CardManage\Release\link-cvtres.read.1.tlog
C:\自写程序\CardManage\CardManage\Release\link-cvtres.write.1.tlog
C:\自写程序\CARDMANAGE\CARDMANAGE\RELEASE\MAINFRM.OBJ
C:\自写程序\CardManage\CardManage\Release\mt.command.1.tlog
C:\自写程序\CardManage\CardManage\Release\mt.read.1.tlog
C:\自写程序\CardManage\CardManage\Release\mt.write.1.tlog
C:\自写程序\CARDMANAGE\CARDMANAGE\RELEASE\OUTPUTWND.OBJ
C:\自写程序\CardManage\CardManage\Release\rc.command.1.tlog
C:\自写程序\CardManage\CardManage\Release\rc.read.1.tlog
C:\自写程序\CardManage\CardManage\Release\rc.write.1.tlog
C:\自写程序\CARDMANAGE\CARDMANAGE\RELEASE\REFERENCEWND.OBJ
C:\自写程序\CARDMANAGE\CARDMANAGE\RELEASE\SENDCOMMAND.OBJ
C:\自写程序\CARDMANAGE\CARDMANAGE\RELEASE\STDAFX.OBJ
C:\自写程序\CARDMANAGE\CARDMANAGE\RELEASE\TERMNALSETTING.OBJ
C:\自写程序\CARDMANAGE\CARDMANAGE\RELEASE\VC100.PDB
C:\自写程序\CARDMANAGE\RELEASE\CARDMANAGE.EXE
C:\自写程序\CardManage\Release\CardManage.exp
C:\自写程序\CardManage\Release\CardManage.lib
C:\自写程序\CARDMANAGE\RELEASE\CARDMANAGE.PDB
