生成启动时间为 2019/8/8 15:32:47。
     1>项目“C:\自写程序\BitsAnalyser\BitsAnalyser\BitsAnalyser.vcxproj”在节点 2 上(build 个目标)。
     1>InitializeBuildStatus:
         正在创建“Debug\BitsAnalyser.unsuccessfulbuild”，因为已指定“AlwaysCreate”。
       PreBuildEvent:
         copy C:\自写程序\AllUsedSource\Debug\*.dll C:\自写程序\BitsAnalyser\Debug\*.dll /y 
         :VCEnd
         C:\自写程序\AllUsedSource\Debug\BasicConvert.dll
         C:\自写程序\AllUsedSource\Debug\CCR5.dll
         C:\自写程序\AllUsedSource\Debug\ExpAPDU.dll
         C:\自写程序\AllUsedSource\Debug\ExpFile.dll
         C:\自写程序\AllUsedSource\Debug\ParameterConvert.dll
         C:\自写程序\AllUsedSource\Debug\PcscReader.dll
         已复制         6 个文件。
       ClCompile:
         所有输出均为最新。
         c:\Program Files (x86)\Microsoft Visual Studio 10.0\VC\bin\CL.exe /c /ZI /nologo /W3 /WX- /Od /Oy- /D WIN32 /D _WINDOWS /D _DEBUG /D _MBCS /D _AFXDLL /Gm /EHsc /RTC1 /MDd /GS /fp:precise /Zc:wchar_t /Zc:forScope /Yu"StdAfx.h" /Fp"Debug\BitsAnalyser.pch" /Fo"Debug\\" /Fd"Debug\vc100.pdb" /Gd /TP /analyze- /errorReport:prompt MainFrm.cpp
         MainFrm.cpp
       ResourceCompile:
         所有输出均为最新。
       ManifestResourceCompile:
         所有输出均为最新。
       Link:
         c:\Program Files (x86)\Microsoft Visual Studio 10.0\VC\bin\link.exe /ERRORREPORT:PROMPT /OUT:"C:\自写程序\BitsAnalyser\Debug\BitsAnalyser.exe" /INCREMENTAL /NOLOGO ParameterConvert.lib BasicConvert.lib ExpAPDU.lib libusb.lib /MANIFEST /ManifestFile:"Debug\BitsAnalyser.exe.intermediate.manifest" /MANIFESTUAC:"level='asInvoker' uiAccess='false'" /DEBUG /PDB:"C:\自写程序\BitsAnalyser\Debug\BitsAnalyser.pdb" /SUBSYSTEM:WINDOWS /TLBID:1 /DYNAMICBASE /NXCOMPAT /IMPLIB:"C:\自写程序\BitsAnalyser\Debug\BitsAnalyser.lib" /MACHINE:X86 Debug\BitsAnalyser.res
         Debug\BitsAnalyser.exe.embed.manifest.res
         Debug\BitsAnalyser.obj
         Debug\BitsAnalyserDoc.obj
         Debug\BitsAnalyserView.obj
         Debug\MainFrm.obj
         Debug\OutputWnd.obj
         Debug\stdafx.obj
       Manifest:
         C:\Program Files (x86)\Microsoft SDKs\Windows\v7.0A\bin\mt.exe /nologo /verbose /out:"Debug\BitsAnalyser.exe.embed.manifest" /manifest Debug\BitsAnalyser.exe.intermediate.manifest "c:\Program Files (x86)\Microsoft Visual Studio 10.0\VC\Include\Manifest\dpiaware.manifest"
         所有输出均为最新。
       LinkEmbedManifest:
         所有输出均为最新。
         BitsAnalyser.vcxproj -> C:\自写程序\BitsAnalyser\Debug\BitsAnalyser.exe
       FinalizeBuildStatus:
         正在删除文件“Debug\BitsAnalyser.unsuccessfulbuild”。
         正在对“Debug\BitsAnalyser.lastbuildstate”执行 Touch 任务。
     1>已完成生成项目“C:\自写程序\BitsAnalyser\BitsAnalyser\BitsAnalyser.vcxproj”(build 个目标)的操作。

生成成功。

已用时间 00:00:01.03
