C:\自写程序\BITSANALYSER\BITSANALYSER\DEBUG\BITSANALYSER.EXE.EMBED.MANIFEST
C:\自写程序\BITSANALYSER\BITSANALYSER\DEBUG\BITSANALYSER.EXE.EMBED.MANIFEST.RES
C:\自写程序\BITSANALYSER\BITSANALYSER\DEBUG\BITSANALYSER.EXE.INTERMEDIATE.MANIFEST
C:\自写程序\BITSANALYSER\BITSANALYSER\DEBUG\BITSANALYSER.OBJ
C:\自写程序\BITSANALYSER\BITSANALYSER\DEBUG\BITSANALYSER.PCH
C:\自写程序\BITSANALYSER\BITSANALYSER\DEBUG\BITSANALYSER.RES
C:\自写程序\BitsAnalyser\BitsAnalyser\Debug\BitsAnalyser.vcxprojResolveAssemblyReference.cache
C:\自写程序\BitsAnalyser\BitsAnalyser\Debug\BitsAnalyser.write.1.tlog
C:\自写程序\BitsAnalyser\BitsAnalyser\Debug\BitsAnalyser_manifest.rc
C:\自写程序\BITSANALYSER\BITSANALYSER\DEBUG\BITSANALYSERDOC.OBJ
C:\自写程序\BITSANALYSER\BITSANALYSER\DEBUG\BITSANALYSERVIEW.OBJ
C:\自写程序\BitsAnalyser\BitsAnalyser\Debug\cl.command.1.tlog
C:\自写程序\BitsAnalyser\BitsAnalyser\Debug\CL.read.1.tlog
C:\自写程序\BitsAnalyser\BitsAnalyser\Debug\CL.write.1.tlog
C:\自写程序\BitsAnalyser\BitsAnalyser\Debug\link.5516.read.1.tlog
C:\自写程序\BitsAnalyser\BitsAnalyser\Debug\link.5516.write.1.tlog
C:\自写程序\BitsAnalyser\BitsAnalyser\Debug\link.5516-cvtres.read.1.tlog
C:\自写程序\BitsAnalyser\BitsAnalyser\Debug\link.5516-cvtres.write.1.tlog
C:\自写程序\BitsAnalyser\BitsAnalyser\Debug\link.6488.read.1.tlog
C:\自写程序\BitsAnalyser\BitsAnalyser\Debug\link.6488.write.1.tlog
C:\自写程序\BitsAnalyser\BitsAnalyser\Debug\link.6488-cvtres.read.1.tlog
C:\自写程序\BitsAnalyser\BitsAnalyser\Debug\link.6488-cvtres.write.1.tlog
C:\自写程序\BitsAnalyser\BitsAnalyser\Debug\link.8108.read.1.tlog
C:\自写程序\BitsAnalyser\BitsAnalyser\Debug\link.8108.write.1.tlog
C:\自写程序\BitsAnalyser\BitsAnalyser\Debug\link.8108-cvtres.read.1.tlog
C:\自写程序\BitsAnalyser\BitsAnalyser\Debug\link.8108-cvtres.write.1.tlog
C:\自写程序\BitsAnalyser\BitsAnalyser\Debug\link.command.1.tlog
C:\自写程序\BitsAnalyser\BitsAnalyser\Debug\link.read.1.tlog
C:\自写程序\BitsAnalyser\BitsAnalyser\Debug\link.write.1.tlog
C:\自写程序\BitsAnalyser\BitsAnalyser\Debug\link-cvtres.read.1.tlog
C:\自写程序\BitsAnalyser\BitsAnalyser\Debug\link-cvtres.write.1.tlog
C:\自写程序\BITSANALYSER\BITSANALYSER\DEBUG\MAINFRM.OBJ
C:\自写程序\BitsAnalyser\BitsAnalyser\Debug\mt.command.1.tlog
C:\自写程序\BitsAnalyser\BitsAnalyser\Debug\mt.read.1.tlog
C:\自写程序\BitsAnalyser\BitsAnalyser\Debug\mt.write.1.tlog
C:\自写程序\BITSANALYSER\BITSANALYSER\DEBUG\OUTPUTWND.OBJ
C:\自写程序\BitsAnalyser\BitsAnalyser\Debug\rc.command.1.tlog
C:\自写程序\BitsAnalyser\BitsAnalyser\Debug\rc.read.1.tlog
C:\自写程序\BitsAnalyser\BitsAnalyser\Debug\rc.write.1.tlog
C:\自写程序\BITSANALYSER\BITSANALYSER\DEBUG\STDAFX.OBJ
C:\自写程序\BitsAnalyser\BitsAnalyser\Debug\vc100.idb
C:\自写程序\BITSANALYSER\BITSANALYSER\DEBUG\VC100.PDB
C:\自写程序\BITSANALYSER\DEBUG\BITSANALYSER.EXE
C:\自写程序\BITSANALYSER\DEBUG\BITSANALYSER.ILK
C:\自写程序\BITSANALYSER\DEBUG\BITSANALYSER.PDB
