生成启动时间为 2019/3/7 16:00:34。
     1>项目“C:\自写程序\AllUsedSource\CCR5\CCR5.vcxproj”在节点 2 上(rebuild 个目标)。
     1>InitializeBuildStatus:
         正在创建“Release\CCR5.unsuccessfulbuild”，因为已指定“AlwaysCreate”。
       ClCompile:
         c:\Program Files (x86)\Microsoft Visual Studio 10.0\VC\bin\CL.exe /c /Zi /nologo /W3 /WX- /Od /Oy- /GL /D WIN32 /D NDEBUG /D _WINDOWS /D _USRDLL /D CCR5_EXPORTS /D _WINDLL /D _MBCS /Gm- /EHsc /MD /GS /fp:precise /Zc:wchar_t /Zc:forScope /Yc"StdAfx.h" /Fp"Release\CCR5.pch" /Fo"Release\\" /Fd"Release\vc100.pdb" /Gd /TP /analyze- /errorReport:prompt stdafx.cpp
         stdafx.cpp
         c:\Program Files (x86)\Microsoft Visual Studio 10.0\VC\bin\CL.exe /c /Zi /nologo /W3 /WX- /Od /Oy- /GL /D WIN32 /D NDEBUG /D _WINDOWS /D _USRDLL /D CCR5_EXPORTS /D _WINDLL /D _MBCS /Gm- /EHsc /MD /GS /fp:precise /Zc:wchar_t /Zc:forScope /Yu"StdAfx.h" /Fp"Release\CCR5.pch" /Fo"Release\\" /Fd"Release\vc100.pdb" /Gd /TP /analyze- /errorReport:prompt CCR5.cpp
         CCR5.cpp
       ResourceCompile:
         C:\Program Files (x86)\Microsoft SDKs\Windows\v7.0A\bin\rc.exe /l"0x0409" /nologo /fo"Release\CCR5.res" CCR5.rc 
       Link:
         c:\Program Files (x86)\Microsoft Visual Studio 10.0\VC\bin\link.exe /ERRORREPORT:PROMPT /OUT:"C:\自写程序\CardManage\Release\CCR5.dll" /INCREMENTAL:NO /NOLOGO kernel32.lib user32.lib gdi32.lib winspool.lib comdlg32.lib advapi32.lib shell32.lib ole32.lib oleaut32.lib uuid.lib odbc32.lib odbccp32.lib /MANIFEST /ManifestFile:"Release\CCR5.dll.intermediate.manifest" /MANIFESTUAC:"level='asInvoker' uiAccess='false'" /DEBUG /PDB:"C:\自写程序\CardManage\Release\CCR5.pdb" /SUBSYSTEM:WINDOWS /OPT:REF /OPT:ICF /LTCG /TLBID:1 /DYNAMICBASE /NXCOMPAT /IMPLIB:"C:\自写程序\CardManage\Release\CCR5.lib" /MACHINE:X86 /DLL Release\CCR5.res
         Release\CCR5.obj
         Release\stdafx.obj
            正在创建库 C:\自写程序\CardManage\Release\CCR5.lib 和对象 C:\自写程序\CardManage\Release\CCR5.exp
         正在生成代码
         已完成代码的生成
         CCR5.vcxproj -> C:\自写程序\CardManage\Release\CCR5.dll
       Manifest:
         C:\Program Files (x86)\Microsoft SDKs\Windows\v7.0A\bin\mt.exe /nologo /verbose /outputresource:"C:\自写程序\CardManage\Release\CCR5.dll;#2" /manifest Release\CCR5.dll.intermediate.manifest
       PostBuildEvent:
         copy C:\自写程序\CardManage\Release\CCR5.dll ..\Release\CCR5.dll/y
         copy C:\自写程序\CardManage\Release\CCR5.lib ..\Release\CCR5.lib/y
         :VCEnd
         已复制         1 个文件。
         已复制         1 个文件。
       FinalizeBuildStatus:
         正在删除文件“Release\CCR5.unsuccessfulbuild”。
         正在对“Release\CCR5.lastbuildstate”执行 Touch 任务。
     1>已完成生成项目“C:\自写程序\AllUsedSource\CCR5\CCR5.vcxproj”(rebuild 个目标)的操作。

生成成功。

已用时间 00:00:00.94
