C:\自写程序\CARDMANAGE\CARDMANAGE\DEBUG\BASCONV.OBJ
C:\自写程序\CARDMANAGE\CARDMANAGE\DEBUG\BASUSC2.OBJ
C:\自写程序\CARDMANAGE\CARDMANAGE\DEBUG\C_SMS_ADN.OBJ
C:\自写程序\CARDMANAGE\CARDMANAGE\DEBUG\CACROAXDOCSHIM.OBJ
C:\自写程序\CARDMANAGE\CARDMANAGE\DEBUG\CARDINFOMATION.OBJ
C:\自写程序\CARDMANAGE\CARDMANAGE\DEBUG\CARDMANAGE.EXE.EMBED.MANIFEST
C:\自写程序\CARDMANAGE\CARDMANAGE\DEBUG\CARDMANAGE.EXE.EMBED.MANIFEST.RES
C:\自写程序\CARDMANAGE\CARDMANAGE\DEBUG\CARDMANAGE.EXE.INTERMEDIATE.MANIFEST
C:\自写程序\CARDMANAGE\CARDMANAGE\DEBUG\CARDMANAGE.OBJ
C:\自写程序\CARDMANAGE\CARDMANAGE\DEBUG\CARDMANAGE.PCH
C:\自写程序\CARDMANAGE\CARDMANAGE\DEBUG\CARDMANAGE.RES
C:\自写程序\CardManage\CardManage\Debug\CardManage.write.1.tlog
C:\自写程序\CardManage\CardManage\Debug\CardManage_manifest.rc
C:\自写程序\CARDMANAGE\CARDMANAGE\DEBUG\CARDMANAGEDOC.OBJ
C:\自写程序\CARDMANAGE\CARDMANAGE\DEBUG\CARDMANAGEVIEW.OBJ
C:\自写程序\CARDMANAGE\CARDMANAGE\DEBUG\CEXCTRL.OBJ
C:\自写程序\CardManage\CardManage\Debug\cl.command.1.tlog
C:\自写程序\CardManage\CardManage\Debug\CL.read.1.tlog
C:\自写程序\CardManage\CardManage\Debug\CL.write.1.tlog
C:\自写程序\CARDMANAGE\CARDMANAGE\DEBUG\LEFTPANE.OBJ
C:\自写程序\CARDMANAGE\CARDMANAGE\DEBUG\LEFTVIEW.OBJ
C:\自写程序\CardManage\CardManage\Debug\link.command.1.tlog
C:\自写程序\CardManage\CardManage\Debug\link.read.1.tlog
C:\自写程序\CardManage\CardManage\Debug\link.write.1.tlog
C:\自写程序\CardManage\CardManage\Debug\link-cvtres.read.1.tlog
C:\自写程序\CardManage\CardManage\Debug\link-cvtres.write.1.tlog
C:\自写程序\CARDMANAGE\CARDMANAGE\DEBUG\MAINFRM.OBJ
C:\自写程序\CardManage\CardManage\Debug\mt.command.1.tlog
C:\自写程序\CardManage\CardManage\Debug\mt.read.1.tlog
C:\自写程序\CardManage\CardManage\Debug\mt.write.1.tlog
C:\自写程序\CARDMANAGE\CARDMANAGE\DEBUG\OUTPUTWND.OBJ
C:\自写程序\CardManage\CardManage\Debug\rc.command.1.tlog
C:\自写程序\CardManage\CardManage\Debug\rc.read.1.tlog
C:\自写程序\CardManage\CardManage\Debug\rc.write.1.tlog
C:\自写程序\CARDMANAGE\CARDMANAGE\DEBUG\REFERENCEWND.OBJ
C:\自写程序\CARDMANAGE\CARDMANAGE\DEBUG\SENDCOMMAND.OBJ
C:\自写程序\CARDMANAGE\CARDMANAGE\DEBUG\STDAFX.OBJ
C:\自写程序\CARDMANAGE\CARDMANAGE\DEBUG\TERMNALSETTING.OBJ
C:\自写程序\CardManage\CardManage\Debug\vc100.idb
C:\自写程序\CARDMANAGE\CARDMANAGE\DEBUG\VC100.PDB
C:\自写程序\CARDMANAGE\DEBUG\CARDMANAGE.EXE
C:\自写程序\CardManage\Debug\CardManage.exp
C:\自写程序\CARDMANAGE\DEBUG\CARDMANAGE.ILK
C:\自写程序\CardManage\Debug\CardManage.lib
C:\自写程序\CARDMANAGE\DEBUG\CARDMANAGE.PDB
