生成启动时间为 2019/8/7 17:28:59。
     1>项目“C:\自写程序\CardManage\CardManage\CardManage.vcxproj”在节点 2 上(build 个目标)。
     1>InitializeBuildStatus:
         正在对“Debug\CardManage.unsuccessfulbuild”执行 Touch 任务。
       PreBuildEvent:
         copy C:\自写程序\AllUsedSource\Debug\*.dll C:\自写程序\CardManage\Debug\*.dll /y 
         :VCEnd
         C:\自写程序\AllUsedSource\Debug\BasicConvert.dll
         C:\自写程序\AllUsedSource\Debug\CCR5.dll
         C:\自写程序\AllUsedSource\Debug\ExpAPDU.dll
         C:\自写程序\AllUsedSource\Debug\ExpFile.dll
         C:\自写程序\AllUsedSource\Debug\ParameterConvert.dll
         C:\自写程序\AllUsedSource\Debug\PcscReader.dll
         已复制         6 个文件。
       ClCompile:
         所有输出均为最新。
         c:\Program Files (x86)\Microsoft Visual Studio 10.0\VC\bin\CL.exe /c /ZI /nologo /W3 /WX- /Od /Oy- /D WIN32 /D _WINDOWS /D _DEBUG /D _MBCS /D _AFXDLL /Gm /EHsc /RTC1 /MDd /GS /fp:precise /Zc:wchar_t /Zc:forScope /Yu"StdAfx.h" /Fp"Debug\CardManage.pch" /Fo"Debug\\" /Fd"Debug\vc100.pdb" /Gd /TP /analyze- /errorReport:prompt MainFrm.cpp
         MainFrm.cpp
       ResourceCompile:
         所有输出均为最新。
       ManifestResourceCompile:
         所有输出均为最新。
       Link:
         c:\Program Files (x86)\Microsoft Visual Studio 10.0\VC\bin\link.exe /ERRORREPORT:PROMPT /OUT:"C:\自写程序\CardManage\Debug\CardManage.exe" /INCREMENTAL /NOLOGO PcscReader.lib CCR5.lib ExpFile.lib ParameterConvert.lib BasicConvert.lib ExpAPDU.lib /MANIFEST /ManifestFile:"Debug\CardManage.exe.intermediate.manifest" /MANIFESTUAC:"level='asInvoker' uiAccess='false'" /DEBUG /PDB:"C:\自写程序\CardManage\Debug\CardManage.pdb" /SUBSYSTEM:WINDOWS /TLBID:1 /DYNAMICBASE /NXCOMPAT /IMPLIB:"C:\自写程序\CardManage\Debug\CardManage.lib" /MACHINE:X86 Debug\CardManage.res
         Debug\CardManage.exe.embed.manifest.res
         Debug\Basconv.obj
         Debug\Basusc2.obj
         Debug\CAcroAXDocShim.obj
         Debug\CardManage.obj
         Debug\CardManageDoc.obj
         Debug\CardManageView.obj
         Debug\CExCtrl.obj
         Debug\C_SMS_ADN.obj
         Debug\CardInfomation.obj
         Debug\LeftPane.obj
         Debug\LeftView.obj
         Debug\MainFrm.obj
         Debug\OutputWnd.obj
         Debug\ReferenceWnd.obj
         Debug\SendCommand.obj
         Debug\stdafx.obj
         Debug\TermnalSetting.obj
       Manifest:
         C:\Program Files (x86)\Microsoft SDKs\Windows\v7.0A\bin\mt.exe /nologo /verbose /out:"Debug\CardManage.exe.embed.manifest" /manifest Debug\CardManage.exe.intermediate.manifest "c:\Program Files (x86)\Microsoft Visual Studio 10.0\VC\Include\Manifest\dpiaware.manifest"
         所有输出均为最新。
       LinkEmbedManifest:
         所有输出均为最新。
         CardManage.vcxproj -> C:\自写程序\CardManage\Debug\CardManage.exe
       FinalizeBuildStatus:
         正在删除文件“Debug\CardManage.unsuccessfulbuild”。
         正在对“Debug\CardManage.lastbuildstate”执行 Touch 任务。
     1>已完成生成项目“C:\自写程序\CardManage\CardManage\CardManage.vcxproj”(build 个目标)的操作。

生成成功。

已用时间 00:00:01.45
